Using pre-set license

 COMMAND LINE ARGUMENTS:
/Applications/Unity/Hub/Editor/2020.2.7f1/Unity.app/Contents/MacOS/Unity
-adb2
-batchMode
-noUpm
-name
AssetImportWorker0
-projectPath
/Users/anthonyromrell/GitRepos/ColorMatch/dotColor
-logFile
Logs/AssetImportWorker0.log
-srvPort
63266
Successfully changed project path to: /Users/anthonyromrell/GitRepos/ColorMatch/dotColor
/Users/anthonyromrell/GitRepos/ColorMatch/dotColor
Using Asset Import Pipeline V2.
Refreshing native plugins compatible for Editor in 34.21 ms, found 3 plugins.
Preloading 0 native plugins for Editor in 0.00 ms.
Initialize engine version: 2020.2.7f1 (c53830e277f1)
[Subsystems] Discovering subsystems at path /Applications/Unity/Hub/Editor/2020.2.7f1/Unity.app/Contents/Resources/UnitySubsystems
[Subsystems] Discovering subsystems at path /Users/anthonyromrell/GitRepos/ColorMatch/dotColor/Assets
GfxDevice: creating device client; threaded=0
2021-10-18 10:10:26.603 Unity[29724:448274] ExtronScalerD preferred device: AMD Radeon Pro 560X (high power)
2021-10-18 10:10:26.603 Unity[29724:448274] Metal devices available: 2
2021-10-18 10:10:26.603 Unity[29724:448274] 0: AMD Radeon Pro 560X (high power)
2021-10-18 10:10:26.603 Unity[29724:448274] 1: Intel(R) UHD Graphics 630 (low power)
2021-10-18 10:10:26.605 Unity[29724:448274] Using device AMD Radeon Pro 560X (high power)
Initializing Metal device caps: AMD Radeon Pro 560X
Initialize mono
Mono path[0] = '/Applications/Unity/Hub/Editor/2020.2.7f1/Unity.app/Contents/Managed'
Mono path[1] = '/Applications/Unity/Hub/Editor/2020.2.7f1/Unity.app/Contents/MonoBleedingEdge/lib/mono/unityjit'
Mono config path = '/Applications/Unity/Hub/Editor/2020.2.7f1/Unity.app/Contents/MonoBleedingEdge/etc'
Using monoOptions --debugger-agent=transport=dt_socket,embedding=1,server=y,suspend=n,address=127.0.0.1:56724
Begin MonoManager ReloadAssembly
Registering precompiled unity dll's ...
Register platform support module: /Applications/Unity/Hub/Editor/2020.2.7f1/PlaybackEngines/WebGLSupport/UnityEditor.WebGL.Extensions.dll
Register platform support module: /Applications/Unity/Hub/Editor/2020.2.7f1/Unity.app/Contents/PlaybackEngines/MacStandaloneSupport/UnityEditor.OSXStandalone.Extensions.dll
Register platform support module: /Applications/Unity/Hub/Editor/2020.2.7f1/PlaybackEngines/WindowsStandaloneSupport/UnityEditor.WindowsStandalone.Extensions.dll
Registered in 0.000949 seconds.
Native extension for WindowsStandalone target not found
Native extension for OSXStandalone target not found
Native extension for WebGL target not found
Refreshing native plugins compatible for Editor in 31.70 ms, found 3 plugins.
Preloading 0 native plugins for Editor in 0.00 ms.
Invoked RoslynAnalysisRunner static constructor.
RoslynAnalysisRunner will not be running.
RoslynAnalysisRunner has terminated.
Mono: successfully reloaded assembly
- Completed reload, in  1.645 seconds
Platform modules already initialized, skipping
Registering precompiled user dll's ...
Registered in 0.000812 seconds.
Begin MonoManager ReloadAssembly
Native extension for WindowsStandalone target not found
Native extension for OSXStandalone target not found
Native extension for WebGL target not found
Refreshing native plugins compatible for Editor in 0.32 ms, found 3 plugins.
Preloading 0 native plugins for Editor in 0.00 ms.
Invoked RoslynAnalysisRunner static constructor.
RoslynAnalysisRunner will not be running.
RoslynAnalysisRunner has terminated.
Mono: successfully reloaded assembly
- Completed reload, in  0.994 seconds
Platform modules already initialized, skipping
========================================================================
Worker process is ready to serve import requests
Launching external process: /Applications/Unity/Hub/Editor/2020.2.7f1/Unity.app/Contents/Tools/UnityShaderCompiler
Launched and connected shader compiler UnityShaderCompiler after 0.01 seconds
Refreshing native plugins compatible for Editor in 0.31 ms, found 3 plugins.
Preloading 0 native plugins for Editor in 0.00 ms.
Unloading 1464 Unused Serialized files (Serialized files now loaded: 0)
System memory in use before: 121.7 MB.
System memory in use after: 121.8 MB.

Unloading 16 unused Assets to reduce memory usage. Loaded Objects now: 1900.
Total: 2.071352 ms (FindLiveObjects: 0.176772 ms CreateObjectMapping: 0.058240 ms MarkObjects: 1.760844 ms  DeleteObjects: 0.074473 ms)

========================================================================
Received Import Request.
  path: Assets/Tools/UI/ImageBehaviour.cs
  artifactKey: Guid(00512027710ee4cd387edf611ea8d8b9) Importer(815301076,1909f56bfc062723c751e8b465ee728b)
Start importing Assets/Tools/UI/ImageBehaviour.cs using Guid(00512027710ee4cd387edf611ea8d8b9) Importer(815301076,1909f56bfc062723c751e8b465ee728b)  -> (artifact id: '4d7767ac282dac6bbf1c7d3336a0a481') in 0.340690 seconds
  Import took 0.343170 seconds .

========================================================================
Received Import Request.
  Time since last request: 11.163582 seconds.
  path: Assets/Foundation/Scripts/Components/ImageBehaviour.cs
  artifactKey: Guid(40f70aa3634a52b43b26ea7a12df7590) Importer(815301076,1909f56bfc062723c751e8b465ee728b)
Start importing Assets/Foundation/Scripts/Components/ImageBehaviour.cs using Guid(40f70aa3634a52b43b26ea7a12df7590) Importer(815301076,1909f56bfc062723c751e8b465ee728b)  -> (artifact id: 'c31604df38fdab9bc82aa0d8a4e1f1a1') in 0.003915 seconds
  Import took 0.006722 seconds .

========================================================================
Received Import Request.
  Time since last request: 29.060588 seconds.
  path: Assets/Foundation/Scripts/Components/SimpleImageBehaviour.cs
  artifactKey: Guid(40f70aa3634a52b43b26ea7a12df7590) Importer(815301076,1909f56bfc062723c751e8b465ee728b)
Start importing Assets/Foundation/Scripts/Components/SimpleImageBehaviour.cs using Guid(40f70aa3634a52b43b26ea7a12df7590) Importer(815301076,1909f56bfc062723c751e8b465ee728b)  -> (artifact id: '061bcb69ef660d8b49a5a02994ee10dc') in 0.004417 seconds
  Import took 0.007477 seconds .

