
=== Wed Apr  1 15:41:59 2020

Packages were changed.
Update Mode: updateDependencies

The following packages were added:
  com.unity.analytics@3.3.2
  com.unity.purchasing@2.0.6
  com.unity.ads@2.0.8
  com.unity.package-manager-ui@2.2.0
  com.unity.multiplayer-hlapi@1.0.2
  com.unity.xr.legacyinputhelpers@2.0.2

=== Wed Apr  1 15:52:08 2020

Packages were changed.
Update Mode: resetToDefaultDependencies

The following packages were updated:
  com.unity.test-framework from version 1.1.11 to 1.0.13
  com.unity.timeline from version 1.2.6 to 1.1.0
  com.unity.ide.vscode from version 1.1.4 to 1.1.0
  com.unity.ide.rider from version 1.1.4 to 1.1.0
The following packages were removed:
  com.unity.2d.sprite@1.0.0
  com.unity.2d.tilemap@1.0.0
  com.unity.ads@2.0.8
  com.unity.analytics@3.3.2
  com.unity.multiplayer-hlapi@1.0.2
  com.unity.purchasing@2.0.6
  com.unity.xr.legacyinputhelpers@2.0.2
